0 info it worked if it ends with ok
1 verbose cli [ 'C:\\Program Files\\nodejs\\node.exe',
1 verbose cli   'C:\\Users\\Gautam-PC\\AppData\\Roaming\\npm\\node_modules\\npm\\bin\\npm-cli.js',
1 verbose cli   'start' ]
2 info using npm@3.8.0
3 info using node@v10.16.2
4 verbose run-script [ 'prestart', 'start', 'poststart' ]
5 info lifecycle coviddashboard@1.0.0~prestart: coviddashboard@1.0.0
6 silly lifecycle coviddashboard@1.0.0~prestart: no script for prestart, continuing
7 info lifecycle coviddashboard@1.0.0~start: coviddashboard@1.0.0
8 verbose lifecycle coviddashboard@1.0.0~start: unsafe-perm in lifecycle true
9 verbose lifecycle coviddashboard@1.0.0~start: PATH: C:\Users\Gautam-PC\AppData\Roaming\npm\node_modules\npm\bin\node-gyp-bin;C:\PythonProjects\DashDashboard\node_modules\.bin;C:\Program Files\nodejs;C:\ProgramData\Oracle\Java\javapath;C:\GTK\bin;C:\WINDOWS\system32;C:\WINDOWS;C:\WINDOWS\System32\Wbem;C:\WINDOWS\System32\WindowsPowerShell\v1.0\;C:\Program Files\Git\cmd;C:\ProgramData\chocolatey\bin;C:\Program Files\CMake\bin;C:\WINDOWS\System32\OpenSSH\;C:\Strawberry\c\bin;C:\Strawberry\perl\site\bin;C:\Strawberry\perl\bin;C:\Program Files\Git LFS;C:\Program Files\Microsoft VS Code\bin;C:\Program Files\dotnet\;C:\Program Files (x86)\NVIDIA Corporation\PhysX\Common;;C:\WINDOWS\system32;C:\WINDOWS;C:\WINDOWS\System32\Wbem;C:\WINDOWS\System32\WindowsPowerShell\v1.0\;C:\WINDOWS\System32\OpenSSH\;C:\Program Files\nodejs\;C:\Ruby26-x64\bin;C:\Program Files\Java\jdk1.8.0_60\bin;C:\adt-bundle-windows-x86_64-20130717\sdk\tools;C:\adt-bundle-windows-x86_64-20130717\sdk\platform-tools;C:\Program Files\nodejs\;C:\Program Files\dotnet\dotnet.exe;C:\Program Files\Microsoft VS Code\bin;C:\Program Files\Heroku\bin;C:\ctags\;C:\Users\Gautam-PC\.dotnet\tools;C:\Program Files\apache-maven-3.6.0\bin;C:\Program Files\neovim\bin;C:\Program Files (x86)\FontForgeBuilds\bin;C:\cudnn-10.1-windows10-x64-v7.6.1.34\cuda\bin;C:\Users\Gautam-PC\AppData\Roaming\npm;C:\ProgramData\Anaconda3;C:\ProgramData\Anaconda3\Scripts;C:\ProgramData\Anaconda3\Library\bin;C:\Program Files\nodejs;C:\Program Files\nodejs\node_modules;
10 verbose lifecycle coviddashboard@1.0.0~start: CWD: C:\PythonProjects\DashDashboard
11 silly lifecycle coviddashboard@1.0.0~start: Args: [ '/d /s /c', 'gulp' ]
12 silly lifecycle coviddashboard@1.0.0~start: Returned: code: 1  signal: null
13 info lifecycle coviddashboard@1.0.0~start: Failed to exec start script
14 verbose stack Error: coviddashboard@1.0.0 start: `gulp`
14 verbose stack Exit status 1
14 verbose stack     at EventEmitter.<anonymous> (C:\Users\Gautam-PC\AppData\Roaming\npm\node_modules\npm\lib\utils\lifecycle.js:239:16)
14 verbose stack     at EventEmitter.emit (events.js:198:13)
14 verbose stack     at ChildProcess.<anonymous> (C:\Users\Gautam-PC\AppData\Roaming\npm\node_modules\npm\lib\utils\spawn.js:24:14)
14 verbose stack     at ChildProcess.emit (events.js:198:13)
14 verbose stack     at maybeClose (internal/child_process.js:982:16)
14 verbose stack     at Process.ChildProcess._handle.onexit (internal/child_process.js:259:5)
15 verbose pkgid coviddashboard@1.0.0
16 verbose cwd C:\PythonProjects\DashDashboard
17 error Windows_NT 10.0.18362
18 error argv "C:\\Program Files\\nodejs\\node.exe" "C:\\Users\\Gautam-PC\\AppData\\Roaming\\npm\\node_modules\\npm\\bin\\npm-cli.js" "start"
19 error node v10.16.2
20 error npm  v3.8.0
21 error code ELIFECYCLE
22 error coviddashboard@1.0.0 start: `gulp`
22 error Exit status 1
23 error Failed at the coviddashboard@1.0.0 start script 'gulp'.
23 error Make sure you have the latest version of node.js and npm installed.
23 error If you do, this is most likely a problem with the coviddashboard package,
23 error not with npm itself.
23 error Tell the author that this fails on your system:
23 error     gulp
23 error You can get information on how to open an issue for this project with:
23 error     npm bugs coviddashboard
23 error Or if that isn't available, you can get their info via:
23 error     npm owner ls coviddashboard
23 error There is likely additional logging output above.
24 verbose exit [ 1, true ]
